<?xml version="1.0" encoding="UTF-8"?>
<!-- Generated by org.testng.reporters.JUnitXMLReporter -->
<testsuite ignored="0" hostname="QC" failures="0" tests="8" name="regressionTest" time="46.93" errors="0" timestamp="2024-12-21T16:05:52 EET">
  <testcase classname="TestCases.TC02_LoginTest" name="validLoginTC" time="1.73"/>
  <testcase classname="TestCases.TC02_LoginTest" name="invalidLoginTC" time="1.16"/>
  <testcase classname="TestCases.TC02_LoginTest" name="invalidLoginTC" time="1.114"/>
  <testcase classname="TestCases.TC02_LoginTest" name="invalidLoginTC" time="1.202"/>
  <testcase classname="TestCases.TC03_SearchTest" name="validSearchTC" time="5.123"/>
  <testcase classname="TestCases.TC03_SearchTest" name="inValidSearchTC" time="1.049"/>
  <testcase classname="TestCases.TC04_CategoryItemsTest" name="moveToCategoryItems" time="2.986"/>
  <testcase classname="TestCases.TC05_AddToCartTest" name="addProductsToCart" time="2.543"/>
</testsuite> <!-- regressionTest -->
