<?xml version="1.0" encoding="UTF-8"?>
<!-- Generated by org.testng.reporters.JUnitXMLReporter -->
<testsuite ignored="0" hostname="QC" failures="0" tests="4" name="LoginTest" time="20.921" errors="0" timestamp="2024-12-21T14:45:19 EET">
  <testcase classname="TestCases.TC02_LoginTest" name="validLoginTC" time="1.619"/>
  <testcase classname="TestCases.TC02_LoginTest" name="invalidLoginTC" time="1.187"/>
  <testcase classname="TestCases.TC02_LoginTest" name="invalidLoginTC" time="1.094"/>
  <testcase classname="TestCases.TC02_LoginTest" name="invalidLoginTC" time="1.054"/>
</testsuite> <!-- LoginTest -->
