<?xml version="1.0" encoding="UTF-8"?>
<testsuite xmlns:xsi="http://www.w3.org/2001/XMLSchema-instance" xsi:noNamespaceSchemaLocation="https://maven.apache.org/surefire/maven-surefire-plugin/xsd/surefire-test-report-3.0.xsd" version="3.0" name="TestSuite" time="48.402" tests="8" errors="0" skipped="0" failures="0">
  <properties>
[...]
</properties>
  <testcase name="validLoginTC[mtestm@gmail.com,123654](1)" classname="TestCases.TC02_LoginTest" time="1.761">
    <system-out><![CDATA[[INFO] 21-12-2024 16:05:06 [main] [Listeners.ITestListener.onStart(ITestListener.java:45)]  - the suite is start...
[INFO] 21-12-2024 16:05:12 [main] [Listeners.IInvokedListener.afterInvocation(IInvokedListener.java:26)]  - setUpexecuted......
[INFO] 21-12-2024 16:05:12 [main] [Listeners.IInvokedListener.afterInvocation(IInvokedListener.java:42)]  - tc is pass....
[INFO] 21-12-2024 16:05:12 [main] [Listeners.ITestListener.onTestStart(ITestListener.java:13)]  - the test case is starting  : validLoginTC
[INFO] 21-12-2024 16:05:14 [main] [Listeners.IInvokedListener.afterInvocation(IInvokedListener.java:26)]  - validLoginTCexecuted......
[INFO] 21-12-2024 16:05:14 [main] [Listeners.IInvokedListener.afterInvocation(IInvokedListener.java:42)]  - tc is pass....
]]></system-out>
    <system-err><![CDATA[[main] WARN org.testng.xml.TestNGContentHandler - It is strongly recommended to add "<!DOCTYPE suite SYSTEM "https://testng.org/testng-1.1.dtd" >" at the top of the suite file [D:\Automation\TAF_TricentisDemoWebShop\test-runner\regression.xml] otherwise TestNG may fail or not work as expected.
[main] ERROR io.qameta.allure.AllureLifecycle - Could not add attachment: no test is running
Dec 21, 2024 4:05:10 PM org.openqa.selenium.devtools.CdpVersionFinder findNearestMatch
WARNING: Unable to find an exact match for CDP version 131, returning the closest version; found: 130; Please update to a Selenium version that supports CDP version 131
[main] ERROR io.qameta.allure.AllureLifecycle - Could not add attachment: no test is running
]]></system-err>
  </testcase>
  <testcase name="invalidLoginTC[ ,123654](1)" classname="TestCases.TC02_LoginTest" time="1.18">
    <system-out><![CDATA[[INFO] 21-12-2024 16:05:14 [main] [Listeners.ITestListener.onTestSuccess(ITestListener.java:21)]  - the test case is passing : validLoginTC
[INFO] 21-12-2024 16:05:14 [main] [Listeners.IInvokedListener.afterInvocation(IInvokedListener.java:26)]  - tearDownexecuted......
[INFO] 21-12-2024 16:05:14 [main] [Listeners.IInvokedListener.afterInvocation(IInvokedListener.java:42)]  - tc is pass....
[INFO] 21-12-2024 16:05:17 [main] [Listeners.IInvokedListener.afterInvocation(IInvokedListener.java:26)]  - setUpexecuted......
[INFO] 21-12-2024 16:05:17 [main] [Listeners.IInvokedListener.afterInvocation(IInvokedListener.java:42)]  - tc is pass....
[INFO] 21-12-2024 16:05:17 [main] [Listeners.ITestListener.onTestStart(ITestListener.java:13)]  - the test case is starting  : invalidLoginTC
[INFO] 21-12-2024 16:05:18 [main] [Listeners.IInvokedListener.afterInvocation(IInvokedListener.java:26)]  - invalidLoginTCexecuted......
[INFO] 21-12-2024 16:05:18 [main] [Listeners.IInvokedListener.afterInvocation(IInvokedListener.java:42)]  - tc is pass....
]]></system-out>
    <system-err><![CDATA[[main] ERROR io.qameta.allure.AllureLifecycle - Could not add attachment: no test is running
Dec 21, 2024 4:05:15 PM org.openqa.selenium.devtools.CdpVersionFinder findNearestMatch
WARNING: Unable to find an exact match for CDP version 131, returning the closest version; found: 130; Please update to a Selenium version that supports CDP version 131
[main] ERROR io.qameta.allure.AllureLifecycle - Could not add attachment: no test is running
]]></system-err>
  </testcase>
  <testcase name="invalidLoginTC[mtestm@gmail.com, ](2)" classname="TestCases.TC02_LoginTest" time="1.148">
    <system-out><![CDATA[[INFO] 21-12-2024 16:05:18 [main] [Listeners.ITestListener.onTestSuccess(ITestListener.java:21)]  - the test case is passing : invalidLoginTC
[INFO] 21-12-2024 16:05:18 [main] [Listeners.IInvokedListener.afterInvocation(IInvokedListener.java:26)]  - tearDownexecuted......
[INFO] 21-12-2024 16:05:18 [main] [Listeners.IInvokedListener.afterInvocation(IInvokedListener.java:42)]  - tc is pass....
[INFO] 21-12-2024 16:05:22 [main] [Listeners.IInvokedListener.afterInvocation(IInvokedListener.java:26)]  - setUpexecuted......
[INFO] 21-12-2024 16:05:22 [main] [Listeners.IInvokedListener.afterInvocation(IInvokedListener.java:42)]  - tc is pass....
[INFO] 21-12-2024 16:05:22 [main] [Listeners.ITestListener.onTestStart(ITestListener.java:13)]  - the test case is starting  : invalidLoginTC
[INFO] 21-12-2024 16:05:23 [main] [Listeners.IInvokedListener.afterInvocation(IInvokedListener.java:26)]  - invalidLoginTCexecuted......
[INFO] 21-12-2024 16:05:23 [main] [Listeners.IInvokedListener.afterInvocation(IInvokedListener.java:42)]  - tc is pass....
]]></system-out>
    <system-err><![CDATA[[main] ERROR io.qameta.allure.AllureLifecycle - Could not add attachment: no test is running
Dec 21, 2024 4:05:20 PM org.openqa.selenium.devtools.CdpVersionFinder findNearestMatch
WARNING: Unable to find an exact match for CDP version 131, returning the closest version; found: 130; Please update to a Selenium version that supports CDP version 131
[main] ERROR io.qameta.allure.AllureLifecycle - Could not add attachment: no test is running
]]></system-err>
  </testcase>
  <testcase name="invalidLoginTC[ , ](3)" classname="TestCases.TC02_LoginTest" time="1.218">
    <system-out><![CDATA[[INFO] 21-12-2024 16:05:23 [main] [Listeners.ITestListener.onTestSuccess(ITestListener.java:21)]  - the test case is passing : invalidLoginTC
[INFO] 21-12-2024 16:05:23 [main] [Listeners.IInvokedListener.afterInvocation(IInvokedListener.java:26)]  - tearDownexecuted......
[INFO] 21-12-2024 16:05:23 [main] [Listeners.IInvokedListener.afterInvocation(IInvokedListener.java:42)]  - tc is pass....
[INFO] 21-12-2024 16:05:26 [main] [Listeners.IInvokedListener.afterInvocation(IInvokedListener.java:26)]  - setUpexecuted......
[INFO] 21-12-2024 16:05:26 [main] [Listeners.IInvokedListener.afterInvocation(IInvokedListener.java:42)]  - tc is pass....
[INFO] 21-12-2024 16:05:26 [main] [Listeners.ITestListener.onTestStart(ITestListener.java:13)]  - the test case is starting  : invalidLoginTC
[INFO] 21-12-2024 16:05:27 [main] [Listeners.IInvokedListener.afterInvocation(IInvokedListener.java:26)]  - invalidLoginTCexecuted......
[INFO] 21-12-2024 16:05:27 [main] [Listeners.IInvokedListener.afterInvocation(IInvokedListener.java:42)]  - tc is pass....
]]></system-out>
    <system-err><![CDATA[[main] ERROR io.qameta.allure.AllureLifecycle - Could not add attachment: no test is running
Dec 21, 2024 4:05:24 PM org.openqa.selenium.devtools.CdpVersionFinder findNearestMatch
WARNING: Unable to find an exact match for CDP version 131, returning the closest version; found: 130; Please update to a Selenium version that supports CDP version 131
[main] ERROR io.qameta.allure.AllureLifecycle - Could not add attachment: no test is running
]]></system-err>
  </testcase>
  <testcase name="validSearchTC" classname="TestCases.TC03_SearchTest" time="5.122">
    <system-out><![CDATA[[INFO] 21-12-2024 16:05:27 [main] [Listeners.ITestListener.onTestSuccess(ITestListener.java:21)]  - the test case is passing : invalidLoginTC
[INFO] 21-12-2024 16:05:28 [main] [Listeners.IInvokedListener.afterInvocation(IInvokedListener.java:26)]  - tearDownexecuted......
[INFO] 21-12-2024 16:05:28 [main] [Listeners.IInvokedListener.afterInvocation(IInvokedListener.java:42)]  - tc is pass....
[INFO] 21-12-2024 16:05:31 [main] [Listeners.IInvokedListener.afterInvocation(IInvokedListener.java:26)]  - setUpexecuted......
[INFO] 21-12-2024 16:05:31 [main] [Listeners.IInvokedListener.afterInvocation(IInvokedListener.java:42)]  - tc is pass....
[INFO] 21-12-2024 16:05:31 [main] [Listeners.ITestListener.onTestStart(ITestListener.java:13)]  - the test case is starting  : validSearchTC
[INFO] 21-12-2024 16:05:32 [main] [pages.P07_SearchPage.clickOnOption(P07_SearchPage.java:36)]  - options [[[ChromeDriver: chrome on windows (7e7909edd939f57860aef4c2905b707d)] -> xpath: //li[@class="ui-menu-item"]], [[ChromeDriver: chrome on windows (7e7909edd939f57860aef4c2905b707d)] -> xpath: //li[@class="ui-menu-item"]], [[ChromeDriver: chrome on windows (7e7909edd939f57860aef4c2905b707d)] -> xpath: //li[@class="ui-menu-item"]]]
[INFO] 21-12-2024 16:05:36 [main] [Listeners.IInvokedListener.afterInvocation(IInvokedListener.java:26)]  - validSearchTCexecuted......
[INFO] 21-12-2024 16:05:36 [main] [Listeners.IInvokedListener.afterInvocation(IInvokedListener.java:42)]  - tc is pass....
]]></system-out>
    <system-err><![CDATA[[main] ERROR io.qameta.allure.AllureLifecycle - Could not add attachment: no test is running
Dec 21, 2024 4:05:29 PM org.openqa.selenium.devtools.CdpVersionFinder findNearestMatch
WARNING: Unable to find an exact match for CDP version 131, returning the closest version; found: 130; Please update to a Selenium version that supports CDP version 131
[main] ERROR io.qameta.allure.AllureLifecycle - Could not add attachment: no test is running
]]></system-err>
  </testcase>
  <testcase name="inValidSearchTC" classname="TestCases.TC03_SearchTest" time="1.059">
    <system-out><![CDATA[[INFO] 21-12-2024 16:05:36 [main] [Listeners.ITestListener.onTestSuccess(ITestListener.java:21)]  - the test case is passing : validSearchTC
[INFO] 21-12-2024 16:05:36 [main] [Listeners.IInvokedListener.afterInvocation(IInvokedListener.java:26)]  - tearDownexecuted......
[INFO] 21-12-2024 16:05:36 [main] [Listeners.IInvokedListener.afterInvocation(IInvokedListener.java:42)]  - tc is pass....
[INFO] 21-12-2024 16:05:39 [main] [Listeners.IInvokedListener.afterInvocation(IInvokedListener.java:26)]  - setUpexecuted......
[INFO] 21-12-2024 16:05:39 [main] [Listeners.IInvokedListener.afterInvocation(IInvokedListener.java:42)]  - tc is pass....
[INFO] 21-12-2024 16:05:39 [main] [Listeners.ITestListener.onTestStart(ITestListener.java:13)]  - the test case is starting  : inValidSearchTC
[INFO] 21-12-2024 16:05:40 [main] [Listeners.IInvokedListener.afterInvocation(IInvokedListener.java:26)]  - inValidSearchTCexecuted......
[INFO] 21-12-2024 16:05:40 [main] [Listeners.IInvokedListener.afterInvocation(IInvokedListener.java:42)]  - tc is pass....
]]></system-out>
    <system-err><![CDATA[[main] ERROR io.qameta.allure.AllureLifecycle - Could not add attachment: no test is running
Dec 21, 2024 4:05:37 PM org.openqa.selenium.devtools.CdpVersionFinder findNearestMatch
WARNING: Unable to find an exact match for CDP version 131, returning the closest version; found: 130; Please update to a Selenium version that supports CDP version 131
[main] ERROR io.qameta.allure.AllureLifecycle - Could not add attachment: no test is running
]]></system-err>
  </testcase>
  <testcase name="moveToCategoryItems[mtestm@gmail.com,123654](1)" classname="TestCases.TC04_CategoryItemsTest" time="3.097">
    <system-out><![CDATA[[INFO] 21-12-2024 16:05:40 [main] [Listeners.ITestListener.onTestSuccess(ITestListener.java:21)]  - the test case is passing : inValidSearchTC
[INFO] 21-12-2024 16:05:40 [main] [Listeners.IInvokedListener.afterInvocation(IInvokedListener.java:26)]  - tearDownexecuted......
[INFO] 21-12-2024 16:05:40 [main] [Listeners.IInvokedListener.afterInvocation(IInvokedListener.java:42)]  - tc is pass....
[INFO] 21-12-2024 16:05:43 [main] [Listeners.IInvokedListener.afterInvocation(IInvokedListener.java:26)]  - setUpexecuted......
[INFO] 21-12-2024 16:05:43 [main] [Listeners.IInvokedListener.afterInvocation(IInvokedListener.java:42)]  - tc is pass....
[INFO] 21-12-2024 16:05:43 [main] [Listeners.ITestListener.onTestStart(ITestListener.java:13)]  - the test case is starting  : moveToCategoryItems
[INFO] 21-12-2024 16:05:46 [main] [Listeners.IInvokedListener.afterInvocation(IInvokedListener.java:26)]  - moveToCategoryItemsexecuted......
[INFO] 21-12-2024 16:05:46 [main] [Listeners.IInvokedListener.afterInvocation(IInvokedListener.java:42)]  - tc is pass....
]]></system-out>
    <system-err><![CDATA[[main] ERROR io.qameta.allure.AllureLifecycle - Could not add attachment: no test is running
Dec 21, 2024 4:05:42 PM org.openqa.selenium.devtools.CdpVersionFinder findNearestMatch
WARNING: Unable to find an exact match for CDP version 131, returning the closest version; found: 130; Please update to a Selenium version that supports CDP version 131
[main] ERROR io.qameta.allure.AllureLifecycle - Could not add attachment: no test is running
]]></system-err>
  </testcase>
  <testcase name="addProductsToCart[mtestm@gmail.com,123654](1)" classname="TestCases.TC05_AddToCartTest" time="2.612">
    <system-out><![CDATA[[INFO] 21-12-2024 16:05:46 [main] [Listeners.ITestListener.onTestSuccess(ITestListener.java:21)]  - the test case is passing : moveToCategoryItems
[INFO] 21-12-2024 16:05:47 [main] [Listeners.IInvokedListener.afterInvocation(IInvokedListener.java:26)]  - tearDownexecuted......
[INFO] 21-12-2024 16:05:47 [main] [Listeners.IInvokedListener.afterInvocation(IInvokedListener.java:42)]  - tc is pass....
[INFO] 21-12-2024 16:05:49 [main] [Listeners.IInvokedListener.afterInvocation(IInvokedListener.java:26)]  - setUpexecuted......
[INFO] 21-12-2024 16:05:49 [main] [Listeners.IInvokedListener.afterInvocation(IInvokedListener.java:42)]  - tc is pass....
[INFO] 21-12-2024 16:05:49 [main] [Listeners.ITestListener.onTestStart(ITestListener.java:13)]  - the test case is starting  : addProductsToCart
[INFO] 21-12-2024 16:05:52 [main] [pages.P10_AddToCartPage.clickOnAddProductsBtn(P10_AddToCartPage.java:28)]  - size :[[[ChromeDriver: chrome on windows (fc505586dfd49520e09c981bef7a71ae)] -> xpath: //input[contains(@class,'product-box-add-to-cart-button')]]]
[INFO] 21-12-2024 16:05:52 [main] [pages.P10_AddToCartPage.getCountOnCartIcon(P10_AddToCartPage.java:39)]  - cart number :(11)
[INFO] 21-12-2024 16:05:52 [main] [Listeners.IInvokedListener.afterInvocation(IInvokedListener.java:26)]  - addProductsToCartexecuted......
[INFO] 21-12-2024 16:05:52 [main] [Listeners.IInvokedListener.afterInvocation(IInvokedListener.java:42)]  - tc is pass....
]]></system-out>
    <system-err><![CDATA[[main] ERROR io.qameta.allure.AllureLifecycle - Could not add attachment: no test is running
Dec 21, 2024 4:05:48 PM org.openqa.selenium.devtools.CdpVersionFinder findNearestMatch
WARNING: Unable to find an exact match for CDP version 131, returning the closest version; found: 130; Please update to a Selenium version that supports CDP version 131
[main] ERROR io.qameta.allure.AllureLifecycle - Could not add attachment: no test is running
]]></system-err>
  </testcase>
</testsuite>